[LOG] System::create                           : Header version = 2.00.04. Current version = 2.00.04.
[LOG] Manager::init                            : maxchannels = 256 studioflags = 00000006 flags 00000000 extradriverdata 0000000000000000.
[LOG] SystemI::init                            : Initialize version=20004 (104705), maxchannels=256, flags=0x00020000
[LOG] SystemI::setOutputInternal               : Setting output to 'FMOD WASAPI Output'
[LOG] OutputWASAPI::init                       : Mix Format (WAVEFORMATEX): wFormatTag=0xFFFE, nChannels=2, nSamplesPerSec=48000, nAvgBytesPerSec=384000, nBlockAlign=8, wBitsPerSample=32, cbSize=22.
[LOG] OutputWASAPI::init                       : Mix Format (WAVEFORMATEXTENSIBLE): wValidBitsPerSample=32, dwChannelMask=0x00000003, SubFormat=00000003-0000-0010-8000-00AA00389B71.
[LOG] OutputWASAPI::init                       : Output buffer size: 4096 samples, latency: 0.00ms, period: 10.00ms, DSP buffer: 1024 * 4
[LOG] Thread::initThread                       : Init FMOD stream thread. Priority: 2, Stack Size: 98304, Semaphore: No, Sleep Time: 10, Looping: Yes.
[LOG] Thread::initThread                       : Init FMOD mixer thread. Priority: 3, Stack Size: 81920, Semaphore: No, Sleep Time: 0, Looping: Yes.
[LOG] AsyncManager::init                       : manager 000002966B767498 isAsync 0 updatePeriod 0.02
[LOG] AsyncManager::init                       : done
[LOG] PlaybackSystem::init                     : 
[LOG] Thread::initThread                       : Init FMOD Studio sample load thread. Priority: 0, Stack Size: 98304, Semaphore: No, Sleep Time: 1, Looping: No.
[LOG] PlaybackSystem::init                     : done
[LOG] Thread::initThread                       : Init FMOD Studio bank load thread. Priority: 0, Stack Size: 98304, Semaphore: No, Sleep Time: 1, Looping: No.
[LOG] Manager::init                            : done.
[LOG] Manager::readBank                        : fileversion = 121, compatVersion = 119 (oldest = 44, newest = 121)
[LOG] SystemI::createSound                     : filename = C:\Users\Dare\Documents\GitHub\punesnakes\FMOD\Desktop/MMenu.bank : mode 02010082
[LOG] SystemI::createSound                     : FMOD_NONBLOCKING specified.  Putting into queue to be opened asynchronously!
[LOG] SystemI::createSound                     : setdata soundi = 0000029676E64998 : node = 000002966F0C2610
[LOG] SystemI::createSound                     : add node to async list : head = 000002964C674198.  list count = 0
[LOG] AsyncThread::threadFunc                  : Starting Asynchronous operation on sound 0000029676E64998
[LOG] SystemI::createSoundInternal             :     Create name='C:\Users\Dare\Documents\GitHub\punesnakes\FMOD\Desktop/MMenu.bank', mode=0x02010082
[LOG] SystemI::createSoundInternal             :     exinfo->cbsize             = 224
[LOG] SystemI::createSoundInternal             :     exinfo->length             = 474080
[LOG] SystemI::createSoundInternal             :     exinfo->fileoffset         = 3424
[LOG] SystemI::createSoundInternal             :     exinfo->numsubsounds       = 1
[LOG] SystemI::createSoundInternal             :     exinfo->inclusionlist      = 000002966F0C2720
[LOG] SystemI::createSoundInternal             :     exinfo->inclusionlistnum   = 1
[LOG] SystemI::createSoundInternal             :     exinfo->suggestedsoundtype = 5
[LOG] SystemI::createSoundInternal             :     exinfo->initialseekpostype = 1
[LOG] SystemI::createSoundInternal             :     Stream 0/1: name='dragones chinos menu', format=2, channels=2, frequency=48000, lengthbytes=460416, lengthpcm=1536000, pcmblocksize=0, loopstart=0, loopend=0, mode=0x00000000, channelmask=0x00000000, channelorder=0, peakvolume=0.769073.
[LOG] AsyncThread::threadFunc                  : Finished Asynchronous operation on sound 0000029676E64998
[LOG] SoundI::getSubSound                      : sound 0000029676E64998.  Subsound index 0 / 1
[LOG] SoundI::release                          : dragones chinos menu (000002964C6DD4F8)
[LOG] SoundI::release                          :     dragones chinos menu (000002964C674528)
[LOG] SoundI::release                          :     dragones chinos menu (000002964C6DD348)
[LOG] SystemI::createSound                     : filename = C:\Users\Dare\Documents\GitHub\punesnakes\FMOD\Desktop/Play.bank : mode 02010082
[LOG] SystemI::createSound                     : FMOD_NONBLOCKING specified.  Putting into queue to be opened asynchronously!
[LOG] SystemI::createSound                     : setdata soundi = 0000029676E63708 : node = 000002966F0C1FD0
[LOG] SystemI::createSound                     : add node to async list : head = 000002964C674198.  list count = 0
[LOG] AsyncThread::threadFunc                  : Starting Asynchronous operation on sound 0000029676E63708
[LOG] SystemI::createSoundInternal             :     Create name='C:\Users\Dare\Documents\GitHub\punesnakes\FMOD\Desktop/Play.bank', mode=0x02010082
[LOG] SystemI::createSoundInternal             :     exinfo->cbsize             = 224
[LOG] SystemI::createSoundInternal             :     exinfo->length             = 2196416
[LOG] SystemI::createSoundInternal             :     exinfo->fileoffset         = 4576
[LOG] SystemI::createSoundInternal             :     exinfo->numsubsounds       = 1
[LOG] SystemI::createSoundInternal             :     exinfo->inclusionlist      = 000002966F0C20E0
[LOG] SystemI::createSoundInternal             :     exinfo->inclusionlistnum   = 1
[LOG] SystemI::createSoundInternal             :     exinfo->suggestedsoundtype = 5
[LOG] SystemI::createSoundInternal             :     exinfo->initialseekpostype = 1
[LOG] SystemI::createSoundInternal             :     Create name='', mode=0x02000202
[LOG] SystemI::createSoundInternal             :     exinfo->cbsize             = 224
[LOG] SystemI::createSoundInternal             :     exinfo->length             = 2196416
[LOG] SystemI::createSoundInternal             :     exinfo->fileoffset         = 4576
[LOG] SystemI::createSoundInternal             :     exinfo->numsubsounds       = 1
[LOG] SystemI::createSoundInternal             :     exinfo->inclusionlist      = 000000F7ED6FEEFC
[LOG] SystemI::createSoundInternal             :     exinfo->inclusionlistnum   = 1
[LOG] SystemI::createSoundInternal             :     exinfo->suggestedsoundtype = 5
[LOG] SystemI::createSoundInternal             :     exinfo->useropen           = 00007FFF67897050
[LOG] SystemI::createSoundInternal             :     Stream 0/1: name='dragones chinos', format=2, channels=2, frequency=48000, lengthbytes=527680, lengthpcm=1920000, pcmblocksize=0, loopstart=0, loopend=0, mode=0x00000000, channelmask=0x00000000, channelorder=0, peakvolume=0.791748.
[LOG] SystemI::createSoundInternal             :     exinfo->userclose          = 00007FFF67897020
[LOG] SystemI::createSoundInternal             :     exinfo->userread           = 00007FFF67897120
[LOG] SystemI::createSoundInternal             :     exinfo->userseek           = 00007FFF678971E0
[LOG] SystemI::createSoundInternal             :     exinfo->fileuserdata       = 00000296647C4AB8
[LOG] SystemI::createSoundInternal             :     exinfo->initialseekpostype = 1
[LOG] SystemI::DSPCodecPoolRegister            :     register codec pool for pool type 5
[LOG] SystemI::createSoundInternal             :     Sample 0/1: name='ready c-voz', format=2, channels=2, frequency=48000, lengthbytes=56064, lengthpcm=199351, pcmblocksize=0, loopstart=0, loopend=0, mode=0x00000000, channelmask=0x00000000, channelorder=0, peakvolume=0.999969.
[LOG] AsyncThread::threadFunc                  : Finished Asynchronous operation on sound 0000029676E63708
[LOG] SoundI::getSubSound                      : sound 0000029676E63708.  Subsound index 0 / 1
[LOG] SoundI::release                          : dragones chinos menu (0000029676E64998)
[LOG] SoundI::release                          :     dragones chinos menu (00000296682EA408)
[LOG] SoundI::release                          :     dragones chinos menu (0000029676E64CF8)
[LOG] Manager::readBank                        : fileversion = 121, compatVersion = 119 (oldest = 44, newest = 121)
[LOG] Manager::readBank                        : fileversion = 121, compatVersion = 119 (oldest = 44, newest = 121)
[LOG] Manager::readBank                        : fileversion = 121, compatVersion = 119 (oldest = 44, newest = 121)
[LOG] SystemI::createSound                     : filename = C:\Users\Dare\Documents\GitHub\punesnakes\FMOD\Desktop/Play.bank : mode 02010082
[LOG] SystemI::createSound                     : FMOD_NONBLOCKING specified.  Putting into queue to be opened asynchronously!
[LOG] SystemI::createSound                     : setdata soundi = 0000029676E64EA8 : node = 000002966F0C2110
[LOG] SystemI::createSound                     : add node to async list : head = 000002964C674198.  list count = 0
[LOG] AsyncThread::threadFunc                  : Starting Asynchronous operation on sound 0000029676E64EA8
[LOG] SystemI::createSoundInternal             :     Create name='C:\Users\Dare\Documents\GitHub\punesnakes\FMOD\Desktop/Play.bank', mode=0x02010082
[LOG] SystemI::createSoundInternal             :     exinfo->cbsize             = 224
[LOG] SystemI::createSoundInternal             :     exinfo->length             = 2196416
[LOG] SystemI::createSoundInternal             :     exinfo->fileoffset         = 4576
[LOG] SystemI::createSoundInternal             :     exinfo->numsubsounds       = 1
[LOG] SystemI::createSoundInternal             :     exinfo->inclusionlist      = 000002966F0C2220
[LOG] SystemI::createSoundInternal             :     exinfo->inclusionlistnum   = 1
[LOG] SystemI::createSound                     :     filename = C:\Users\Dare\Documents\GitHub\punesnakes\FMOD\Desktop/Play.bank : mode 02010082
[LOG] SystemI::createSoundInternal             :     exinfo->suggestedsoundtype = 5
[LOG] SystemI::createSound                     :     FMOD_NONBLOCKING specified.  Putting into queue to be opened asynchronously!
[LOG] SystemI::createSoundInternal             :     exinfo->initialseekpostype = 1
[LOG] SystemI::createSound                     :     setdata soundi = 0000029676E642D8 : node = 000002966F0C2250
[LOG] SystemI::createSound                     :     add node to async list : head = 000002964C674198.  list count = 0
[LOG] SystemI::createSoundInternal             :     Stream 0/1: name='dragones chinos play melodia 1', format=2, channels=2, frequency=48000, lengthbytes=456032, lengthpcm=1536000, pcmblocksize=0, loopstart=0, loopend=0, mode=0x00000000, channelmask=0x00000000, channelorder=0, peakvolume=0.262482.
[LOG] AsyncThread::threadFunc                  : Finished Asynchronous operation on sound 0000029676E64EA8
[LOG] AsyncThread::threadFunc                  : Starting Asynchronous operation on sound 0000029676E642D8
[LOG] SystemI::createSoundInternal             :     Create name='C:\Users\Dare\Documents\GitHub\punesnakes\FMOD\Desktop/Play.bank', mode=0x02010082
[LOG] SystemI::createSoundInternal             :     exinfo->cbsize             = 224
[LOG] SystemI::createSoundInternal             :     exinfo->length             = 2196416
[LOG] SystemI::createSoundInternal             :     exinfo->fileoffset         = 4576
[LOG] SystemI::createSoundInternal             :     exinfo->numsubsounds       = 1
[LOG] SystemI::createSoundInternal             :     exinfo->inclusionlist      = 000002966F0C2360
[LOG] SystemI::createSoundInternal             :     exinfo->inclusionlistnum   = 1
[LOG] SystemI::createSoundInternal             :     exinfo->suggestedsoundtype = 5
[LOG] SystemI::createSoundInternal             :     exinfo->initialseekpostype = 1
[LOG] SystemI::createSoundInternal             :     Stream 0/1: name='dragones chinos play snare', format=2, channels=2, frequency=48000, lengthbytes=368032, lengthpcm=1536000, pcmblocksize=0, loopstart=0, loopend=0, mode=0x00000000, channelmask=0x00000000, channelorder=0, peakvolume=0.499939.
[LOG] AsyncThread::threadFunc                  : Finished Asynchronous operation on sound 0000029676E642D8
[LOG] SoundI::getSubSound                      : sound 0000029676E64EA8.  Subsound index 0 / 1
[LOG] SoundI::getSubSound                      : sound 0000029676E642D8.  Subsound index 0 / 1
[LOG] Manager::readBank                        : fileversion = 121, compatVersion = 119 (oldest = 44, newest = 121)
[LOG] Manager::readBank                        : fileversion = 121, compatVersion = 119 (oldest = 44, newest = 121)
[LOG] SystemI::createSound                     : filename = C:\Users\Dare\Documents\GitHub\punesnakes\FMOD\Desktop/Play.bank : mode 02010082
[LOG] SystemI::createSound                     : FMOD_NONBLOCKING specified.  Putting into queue to be opened asynchronously!
[LOG] SystemI::createSound                     : setdata soundi = 0000029676E63558 : node = 000002966F0C2390
[LOG] SystemI::createSound                     : add node to async list : head = 000002964C674198.  list count = 0
[LOG] AsyncThread::threadFunc                  : Starting Asynchronous operation on sound 0000029676E63558
[LOG] SystemI::createSoundInternal             :     Create name='C:\Users\Dare\Documents\GitHub\punesnakes\FMOD\Desktop/Play.bank', mode=0x02010082
[LOG] SystemI::createSoundInternal             :     exinfo->cbsize             = 224
[LOG] SystemI::createSoundInternal             :     exinfo->length             = 2196416
[LOG] SystemI::createSoundInternal             :     exinfo->fileoffset         = 4576
[LOG] SystemI::createSoundInternal             :     exinfo->numsubsounds       = 1
[LOG] SystemI::createSoundInternal             :     exinfo->inclusionlist      = 000002966F0C24A0
[LOG] SystemI::createSoundInternal             :     exinfo->inclusionlistnum   = 1
[LOG] SystemI::createSoundInternal             :     exinfo->suggestedsoundtype = 5
[LOG] SystemI::createSoundInternal             :     exinfo->initialseekpostype = 1
[LOG] SystemI::createSoundInternal             :     Stream 0/1: name='dragones chinos play melodia 2', format=2, channels=2, frequency=48000, lengthbytes=457760, lengthpcm=1536000, pcmblocksize=0, loopstart=0, loopend=0, mode=0x00000000, channelmask=0x00000000, channelorder=0, peakvolume=0.375610.
[LOG] AsyncThread::threadFunc                  : Finished Asynchronous operation on sound 0000029676E63558
[LOG] SoundI::getSubSound                      : sound 0000029676E63558.  Subsound index 0 / 1
[LOG] SystemI::createSound                     : filename = C:\Users\Dare\Documents\GitHub\punesnakes\FMOD\Desktop/Play.bank : mode 02010082
[LOG] SystemI::createSound                     : FMOD_NONBLOCKING specified.  Putting into queue to be opened asynchronously!
[LOG] SystemI::createSound                     : setdata soundi = 0000029676E64CF8 : node = 000002966F0C24D0
[LOG] SystemI::createSound                     : add node to async list : head = 000002964C674198.  list count = 0
[LOG] AsyncThread::threadFunc                  : Starting Asynchronous operation on sound 0000029676E64CF8
[LOG] SystemI::createSoundInternal             :     Create name='C:\Users\Dare\Documents\GitHub\punesnakes\FMOD\Desktop/Play.bank', mode=0x02010082
[LOG] SystemI::createSoundInternal             :     exinfo->cbsize             = 224
[LOG] SystemI::createSoundInternal             :     exinfo->length             = 2196416
[LOG] SystemI::createSoundInternal             :     exinfo->fileoffset         = 4576
[LOG] SystemI::createSoundInternal             :     exinfo->numsubsounds       = 1
[LOG] SystemI::createSoundInternal             :     exinfo->inclusionlist      = 000002966F0C25E0
[LOG] SystemI::createSoundInternal             :     exinfo->inclusionlistnum   = 1
[LOG] SystemI::createSoundInternal             :     exinfo->suggestedsoundtype = 5
[LOG] SystemI::createSoundInternal             :     exinfo->initialseekpostype = 1
[LOG] SystemI::createSoundInternal             :     Stream 0/1: name='dragones chinos play bombo', format=2, channels=2, frequency=48000, lengthbytes=329056, lengthpcm=1536000, pcmblocksize=0, loopstart=0, loopend=0, mode=0x00000000, channelmask=0x00000000, channelorder=0, peakvolume=0.217957.
[LOG] AsyncThread::threadFunc                  : Finished Asynchronous operation on sound 0000029676E64CF8
[LOG] SoundI::getSubSound                      : sound 0000029676E64CF8.  Subsound index 0 / 1
[LOG] Manager::readBank                        : fileversion = 121, compatVersion = 119 (oldest = 44, newest = 121)
[LOG] SystemI::createSound                     : filename = C:\Users\Dare\Documents\GitHub\punesnakes\FMOD\Desktop/MMenu.bank : mode 02010082
[LOG] SystemI::createSound                     : FMOD_NONBLOCKING specified.  Putting into queue to be opened asynchronously!
[LOG] SystemI::createSound                     : setdata soundi = 0000029676E64638 : node = 000002966F0CEAF0
[LOG] SystemI::createSound                     : add node to async list : head = 000002964C674198.  list count = 0
[LOG] AsyncThread::threadFunc                  : Starting Asynchronous operation on sound 0000029676E64638
[LOG] SystemI::createSoundInternal             :     Create name='C:\Users\Dare\Documents\GitHub\punesnakes\FMOD\Desktop/MMenu.bank', mode=0x02010082
[LOG] SystemI::createSoundInternal             :     exinfo->cbsize             = 224
[LOG] SystemI::createSoundInternal             :     exinfo->length             = 474080
[LOG] SystemI::createSoundInternal             :     exinfo->fileoffset         = 3424
[LOG] SystemI::createSoundInternal             :     exinfo->numsubsounds       = 1
[LOG] SystemI::createSoundInternal             :     exinfo->inclusionlist      = 000002966F0CEC00
[LOG] SystemI::createSoundInternal             :     exinfo->inclusionlistnum   = 1
[LOG] SystemI::createSoundInternal             :     exinfo->suggestedsoundtype = 5
[LOG] SystemI::createSoundInternal             :     exinfo->initialseekpostype = 1
[LOG] SystemI::createSoundInternal             :     Stream 0/1: name='dragones chinos menu', format=2, channels=2, frequency=48000, lengthbytes=460416, lengthpcm=1536000, pcmblocksize=0, loopstart=0, loopend=0, mode=0x00000000, channelmask=0x00000000, channelorder=0, peakvolume=0.769073.
[LOG] AsyncThread::threadFunc                  : Finished Asynchronous operation on sound 0000029676E64638
[LOG] SoundI::getSubSound                      : sound 0000029676E64638.  Subsound index 0 / 1
[LOG] SoundI::release                          : dragones chinos play bombo (0000029676E64CF8)
[LOG] SoundI::release                          :     dragones chinos play bombo (00000296682EAA88)
[LOG] SoundI::release                          :     dragones chinos play bombo (0000029676E63A68)
[LOG] SoundI::release                          : dragones chinos play snare (0000029676E642D8)
[LOG] SoundI::release                          :     dragones chinos play snare (00000296682EA408)
[LOG] SoundI::release                          :     dragones chinos play snare (0000029676E63DC8)
[LOG] SoundI::release                          : dragones chinos play melodia 1 (0000029676E64EA8)
[LOG] SoundI::release                          :     dragones chinos play melodia 1 (00000296682E9A48)
[LOG] SoundI::release                          :     dragones chinos play melodia 1 (0000029676E64998)
[LOG] SoundI::release                          : dragones chinos (0000029676E63708)
[LOG] SoundI::release                          :     dragones chinos (00000296682EA0C8)
[LOG] SoundI::release                          :     dragones chinos (0000029676E64128)
[LOG] Manager::readBank                        : fileversion = 121, compatVersion = 119 (oldest = 44, newest = 121)
[LOG] SystemI::createSound                     : filename = C:\Users\Dare\Documents\GitHub\punesnakes\FMOD\Desktop/Play.bank : mode 02010082
[LOG] SystemI::createSound                     : FMOD_NONBLOCKING specified.  Putting into queue to be opened asynchronously!
[LOG] SystemI::createSound                     : setdata soundi = 0000029676E63DC8 : node = 000002966F0CEFF0
[LOG] SystemI::createSound                     : add node to async list : head = 000002964C674198.  list count = 0
[LOG] AsyncThread::threadFunc                  : Starting Asynchronous operation on sound 0000029676E63DC8
[LOG] SystemI::createSoundInternal             :     Create name='C:\Users\Dare\Documents\GitHub\punesnakes\FMOD\Desktop/Play.bank', mode=0x02010082
[LOG] SystemI::createSoundInternal             :     exinfo->cbsize             = 224
[LOG] SystemI::createSoundInternal             :     exinfo->length             = 2196416
[LOG] SystemI::createSoundInternal             :     exinfo->fileoffset         = 4576
[LOG] SystemI::createSoundInternal             :     exinfo->numsubsounds       = 1
[LOG] SystemI::createSoundInternal             :     exinfo->inclusionlist      = 000002966F0CF100
[LOG] SystemI::createSoundInternal             :     exinfo->inclusionlistnum   = 1
[LOG] SystemI::createSoundInternal             :     exinfo->suggestedsoundtype = 5
[LOG] SystemI::createSoundInternal             :     exinfo->initialseekpostype = 1
[LOG] SystemI::createSoundInternal             :     Stream 0/1: name='dragones chinos', format=2, channels=2, frequency=48000, lengthbytes=527680, lengthpcm=1920000, pcmblocksize=0, loopstart=0, loopend=0, mode=0x00000000, channelmask=0x00000000, channelorder=0, peakvolume=0.791748.
[LOG] AsyncThread::threadFunc                  : Finished Asynchronous operation on sound 0000029676E63DC8
[LOG] SoundI::getSubSound                      : sound 0000029676E63DC8.  Subsound index 0 / 1
[LOG] SoundI::release                          : dragones chinos menu (0000029676E64638)
[LOG] SoundI::release                          :     dragones chinos menu (00000296682E9F28)
[LOG] SoundI::release                          :     dragones chinos menu (0000029676E638B8)
[LOG] Manager::readBank                        : fileversion = 121, compatVersion = 119 (oldest = 44, newest = 121)
[LOG] Manager::readBank                        : fileversion = 121, compatVersion = 119 (oldest = 44, newest = 121)
[LOG] SystemI::createSound                     : filename = C:\Users\Dare\Documents\GitHub\punesnakes\FMOD\Desktop/Play.bank : mode 02010082
[LOG] SystemI::createSound                     : FMOD_NONBLOCKING specified.  Putting into queue to be opened asynchronously!
[LOG] SystemI::createSound                     : setdata soundi = 0000029676E64638 : node = 000002966F0CE870
[LOG] SystemI::createSound                     : add node to async list : head = 000002964C674198.  list count = 0
[LOG] AsyncThread::threadFunc                  : Starting Asynchronous operation on sound 0000029676E64638
[LOG] SystemI::createSoundInternal             :     Create name='C:\Users\Dare\Documents\GitHub\punesnakes\FMOD\Desktop/Play.bank', mode=0x02010082
[LOG] SystemI::createSoundInternal             :     exinfo->cbsize             = 224
[LOG] SystemI::createSoundInternal             :     exinfo->length             = 2196416
[LOG] SystemI::createSoundInternal             :     exinfo->fileoffset         = 4576
[LOG] SystemI::createSoundInternal             :     exinfo->numsubsounds       = 1
[LOG] SystemI::createSoundInternal             :     exinfo->inclusionlist      = 000002966F0CE980
[LOG] SystemI::createSound                     :     filename = C:\Users\Dare\Documents\GitHub\punesnakes\FMOD\Desktop/Play.bank : mode 02010082
[LOG] SystemI::createSoundInternal             :     exinfo->inclusionlistnum   = 1
[LOG] SystemI::createSound                     :     FMOD_NONBLOCKING specified.  Putting into queue to be opened asynchronously!
[LOG] SystemI::createSoundInternal             :     exinfo->suggestedsoundtype = 5
[LOG] SystemI::createSound                     :     setdata soundi = 0000029676E64998 : node = 000002966F0CF270
[LOG] SystemI::createSoundInternal             :     exinfo->initialseekpostype = 1
[LOG] SystemI::createSound                     :     add node to async list : head = 000002964C674198.  list count = 0
[LOG] SystemI::createSoundInternal             :     Stream 0/1: name='dragones chinos play snare', format=2, channels=2, frequency=48000, lengthbytes=368032, lengthpcm=1536000, pcmblocksize=0, loopstart=0, loopend=0, mode=0x00000000, channelmask=0x00000000, channelorder=0, peakvolume=0.499939.
[LOG] AsyncThread::threadFunc                  : Finished Asynchronous operation on sound 0000029676E64638
[LOG] AsyncThread::threadFunc                  : Starting Asynchronous operation on sound 0000029676E64998
[LOG] SystemI::createSoundInternal             :     Create name='C:\Users\Dare\Documents\GitHub\punesnakes\FMOD\Desktop/Play.bank', mode=0x02010082
[LOG] SystemI::createSoundInternal             :     exinfo->cbsize             = 224
[LOG] SystemI::createSoundInternal             :     exinfo->length             = 2196416
[LOG] SystemI::createSoundInternal             :     exinfo->fileoffset         = 4576
[LOG] SystemI::createSoundInternal             :     exinfo->numsubsounds       = 1
[LOG] SystemI::createSoundInternal             :     exinfo->inclusionlist      = 000002966F0CF380
[LOG] SystemI::createSoundInternal             :     exinfo->inclusionlistnum   = 1
[LOG] SystemI::createSoundInternal             :     exinfo->suggestedsoundtype = 5
[LOG] SystemI::createSoundInternal             :     exinfo->initialseekpostype = 1
[LOG] SystemI::createSoundInternal             :     Stream 0/1: name='dragones chinos play melodia 2', format=2, channels=2, frequency=48000, lengthbytes=457760, lengthpcm=1536000, pcmblocksize=0, loopstart=0, loopend=0, mode=0x00000000, channelmask=0x00000000, channelorder=0, peakvolume=0.375610.
[LOG] AsyncThread::threadFunc                  : Finished Asynchronous operation on sound 0000029676E64998
[LOG] SoundI::getSubSound                      : sound 0000029676E64638.  Subsound index 0 / 1
[LOG] SoundI::getSubSound                      : sound 0000029676E64998.  Subsound index 0 / 1
[LOG] Manager::readBank                        : fileversion = 121, compatVersion = 119 (oldest = 44, newest = 121)
[LOG] Manager::readBank                        : fileversion = 121, compatVersion = 119 (oldest = 44, newest = 121)
[LOG] SoundI::release                          : dragones chinos play melodia 2 (0000029676E63558)
[LOG] SoundI::release                          :     dragones chinos play melodia 2 (00000296682E9BE8)
[LOG] SoundI::release                          :     dragones chinos play melodia 2 (0000029676E64488)
[LOG] Manager::readBank                        : fileversion = 121, compatVersion = 119 (oldest = 44, newest = 121)
[LOG] Manager::readBank                        : fileversion = 121, compatVersion = 119 (oldest = 44, newest = 121)
[LOG] Manager::readBank                        : fileversion = 121, compatVersion = 119 (oldest = 44, newest = 121)
[LOG] SystemI::createSound                     : filename = C:\Users\Dare\Documents\GitHub\punesnakes\FMOD\Desktop/Play.bank : mode 02010082
[LOG] SystemI::createSound                     : FMOD_NONBLOCKING specified.  Putting into queue to be opened asynchronously!
[LOG] SystemI::createSound                     : setdata soundi = 0000029676E642D8 : node = 000002966F0C24D0
[LOG] SystemI::createSound                     : add node to async list : head = 000002964C674198.  list count = 0
[LOG] AsyncThread::threadFunc                  : Starting Asynchronous operation on sound 0000029676E642D8
[LOG] SystemI::createSoundInternal             :     Create name='C:\Users\Dare\Documents\GitHub\punesnakes\FMOD\Desktop/Play.bank', mode=0x02010082
[LOG] SystemI::createSoundInternal             :     exinfo->cbsize             = 224
[LOG] SystemI::createSoundInternal             :     exinfo->length             = 2196416
[LOG] SystemI::createSoundInternal             :     exinfo->fileoffset         = 4576
[LOG] SystemI::createSoundInternal             :     exinfo->numsubsounds       = 1
[LOG] SystemI::createSoundInternal             :     exinfo->inclusionlist      = 000002966F0C25E0
[LOG] SystemI::createSoundInternal             :     exinfo->inclusionlistnum   = 1
[LOG] SystemI::createSoundInternal             :     exinfo->suggestedsoundtype = 5
[LOG] SystemI::createSoundInternal             :     exinfo->initialseekposition = 4000
[LOG] SystemI::createSoundInternal             :     exinfo->initialseekpostype = 1
[LOG] SystemI::createSoundInternal             :     Stream 0/1: name='dragones chinos', format=2, channels=2, frequency=48000, lengthbytes=527680, lengthpcm=1920000, pcmblocksize=0, loopstart=0, loopend=0, mode=0x00000000, channelmask=0x00000000, channelorder=0, peakvolume=0.791748.
[LOG] AsyncThread::threadFunc                  : Finished Asynchronous operation on sound 0000029676E642D8
[LOG] SoundI::getSubSound                      : sound 0000029676E642D8.  Subsound index 0 / 1
[LOG] SoundI::release                          : dragones chinos (0000029676E63DC8)
[LOG] SoundI::release                          :     dragones chinos (00000296682E9A48)
[LOG] SoundI::release                          :     dragones chinos (0000029676E64128)
[LOG] Manager::readBank                        : fileversion = 121, compatVersion = 119 (oldest = 44, newest = 121)
[LOG] SoundI::release                          : dragones chinos play melodia 2 (0000029676E64998)
[LOG] SoundI::release                          :     dragones chinos play melodia 2 (00000296682E9F28)
[LOG] SoundI::release                          :     dragones chinos play melodia 2 (0000029676E638B8)
[LOG] SoundI::release                          : dragones chinos play snare (0000029676E64638)
[LOG] SoundI::release                          :     dragones chinos play snare (00000296682EAC28)
[LOG] SoundI::release                          :     dragones chinos play snare (0000029676E64B48)
[LOG] Manager::readBank                        : fileversion = 121, compatVersion = 119 (oldest = 44, newest = 121)
[LOG] Manager::readBank                        : fileversion = 121, compatVersion = 119 (oldest = 44, newest = 121)
[LOG] SystemI::createSound                     : filename = C:\Users\Dare\Documents\GitHub\punesnakes\FMOD\Desktop/Play.bank : mode 02010082
[LOG] SystemI::createSound                     : FMOD_NONBLOCKING specified.  Putting into queue to be opened asynchronously!
[LOG] SystemI::createSound                     : setdata soundi = 0000029676E64488 : node = 000002966F0C2610
[LOG] SystemI::createSound                     : add node to async list : head = 000002964C674198.  list count = 0
[LOG] AsyncThread::threadFunc                  : Starting Asynchronous operation on sound 0000029676E64488
[LOG] SystemI::createSoundInternal             :     Create name='C:\Users\Dare\Documents\GitHub\punesnakes\FMOD\Desktop/Play.bank', mode=0x02010082
[LOG] SystemI::createSoundInternal             :     exinfo->cbsize             = 224
[LOG] SystemI::createSoundInternal             :     exinfo->length             = 2196416
[LOG] SystemI::createSoundInternal             :     exinfo->fileoffset         = 4576
[LOG] SystemI::createSoundInternal             :     exinfo->numsubsounds       = 1
[LOG] SystemI::createSoundInternal             :     exinfo->inclusionlist      = 000002966F0C2720
[LOG] SystemI::createSoundInternal             :     exinfo->inclusionlistnum   = 1
[LOG] SystemI::createSoundInternal             :     exinfo->suggestedsoundtype = 5
[LOG] SystemI::createSoundInternal             :     exinfo->initialseekpostype = 1
[LOG] SystemI::createSoundInternal             :     Stream 0/1: name='dragones chinos play melodia 1', format=2, channels=2, frequency=48000, lengthbytes=456032, lengthpcm=1536000, pcmblocksize=0, loopstart=0, loopend=0, mode=0x00000000, channelmask=0x00000000, channelorder=0, peakvolume=0.262482.
[LOG] AsyncThread::threadFunc                  : Finished Asynchronous operation on sound 0000029676E64488
[LOG] SoundI::getSubSound                      : sound 0000029676E64488.  Subsound index 0 / 1
[LOG] Manager::readBank                        : fileversion = 121, compatVersion = 119 (oldest = 44, newest = 121)
[LOG] Manager::readBank                        : fileversion = 121, compatVersion = 119 (oldest = 44, newest = 121)
[LOG] SystemI::createSound                     : filename = C:\Users\Dare\Documents\GitHub\punesnakes\FMOD\Desktop/MMenu.bank : mode 02010082
[LOG] SystemI::createSound                     : FMOD_NONBLOCKING specified.  Putting into queue to be opened asynchronously!
[LOG] SystemI::createSound                     : setdata soundi = 0000029676E63DC8 : node = 000002966F0C2250
[LOG] SystemI::createSound                     : add node to async list : head = 000002964C674198.  list count = 0
[LOG] AsyncThread::threadFunc                  : Starting Asynchronous operation on sound 0000029676E63DC8
[LOG] SystemI::createSoundInternal             :     Create name='C:\Users\Dare\Documents\GitHub\punesnakes\FMOD\Desktop/MMenu.bank', mode=0x02010082
[LOG] SystemI::createSoundInternal             :     exinfo->cbsize             = 224
[LOG] SystemI::createSoundInternal             :     exinfo->length             = 474080
[LOG] SystemI::createSoundInternal             :     exinfo->fileoffset         = 3424
[LOG] SystemI::createSoundInternal             :     exinfo->numsubsounds       = 1
[LOG] SystemI::createSoundInternal             :     exinfo->inclusionlist      = 000002966F0C2360
[LOG] SystemI::createSoundInternal             :     exinfo->inclusionlistnum   = 1
[LOG] SystemI::createSoundInternal             :     exinfo->suggestedsoundtype = 5
[LOG] SystemI::createSoundInternal             :     exinfo->initialseekpostype = 1
[LOG] SystemI::createSoundInternal             :     Stream 0/1: name='dragones chinos menu', format=2, channels=2, frequency=48000, lengthbytes=460416, lengthpcm=1536000, pcmblocksize=0, loopstart=0, loopend=0, mode=0x00000000, channelmask=0x00000000, channelorder=0, peakvolume=0.769073.
[LOG] AsyncThread::threadFunc                  : Finished Asynchronous operation on sound 0000029676E63DC8
[LOG] SoundI::getSubSound                      : sound 0000029676E63DC8.  Subsound index 0 / 1
[LOG] SoundI::release                          : dragones chinos play melodia 1 (0000029676E64488)
[LOG] SoundI::release                          :     dragones chinos play melodia 1 (00000296682E9A48)
[LOG] SoundI::release                          :     dragones chinos play melodia 1 (0000029676E64EA8)
[LOG] SoundI::release                          : dragones chinos (0000029676E642D8)
[LOG] SoundI::release                          :     dragones chinos (00000296682EA408)
[LOG] SoundI::release                          :     dragones chinos (0000029676E63708)
[LOG] Manager::readBank                        : fileversion = 121, compatVersion = 119 (oldest = 44, newest = 121)
[LOG] Manager::readBank                        : fileversion = 121, compatVersion = 119 (oldest = 44, newest = 121)
[LOG] SystemI::createSound                     : filename = C:\Users\Dare\Documents\GitHub\punesnakes\FMOD\Desktop/Play.bank : mode 02010082
[LOG] SystemI::createSound                     : FMOD_NONBLOCKING specified.  Putting into queue to be opened asynchronously!
[LOG] SystemI::createSound                     : setdata soundi = 0000029676E64638 : node = 000002966B82C210
[LOG] SystemI::createSound                     : add node to async list : head = 000002964C674198.  list count = 0
[LOG] AsyncThread::threadFunc                  : Starting Asynchronous operation on sound 0000029676E64638
[LOG] SystemI::createSoundInternal             :     Create name='C:\Users\Dare\Documents\GitHub\punesnakes\FMOD\Desktop/Play.bank', mode=0x02010082
[LOG] SystemI::createSoundInternal             :     exinfo->cbsize             = 224
[LOG] SystemI::createSoundInternal             :     exinfo->length             = 2196416
[LOG] SystemI::createSoundInternal             :     exinfo->fileoffset         = 4576
[LOG] SystemI::createSoundInternal             :     exinfo->numsubsounds       = 1
[LOG] SystemI::createSoundInternal             :     exinfo->inclusionlist      = 000002966B82C320
[LOG] SystemI::createSoundInternal             :     exinfo->inclusionlistnum   = 1
[LOG] SystemI::createSoundInternal             :     exinfo->suggestedsoundtype = 5
[LOG] SystemI::createSoundInternal             :     exinfo->initialseekpostype = 1
[LOG] SystemI::createSoundInternal             :     Stream 0/1: name='dragones chinos', format=2, channels=2, frequency=48000, lengthbytes=527680, lengthpcm=1920000, pcmblocksize=0, loopstart=0, loopend=0, mode=0x00000000, channelmask=0x00000000, channelorder=0, peakvolume=0.791748.
[LOG] AsyncThread::threadFunc                  : Finished Asynchronous operation on sound 0000029676E64638
[LOG] SoundI::getSubSound                      : sound 0000029676E64638.  Subsound index 0 / 1
[LOG] SoundI::release                          : dragones chinos menu (0000029676E63DC8)
[LOG] SoundI::release                          :     dragones chinos menu (00000296682E9BE8)
[LOG] SoundI::release                          :     dragones chinos menu (0000029676E63C18)
[LOG] Manager::readBank                        : fileversion = 121, compatVersion = 119 (oldest = 44, newest = 121)
[LOG] SoundI::release                          : dragones chinos (0000029676E64638)
[LOG] SoundI::release                          :     dragones chinos (00000296682E9A48)
[LOG] SoundI::release                          :     dragones chinos (0000029676E64128)
[LOG] SoundI::release                          :  (0000029666F7EA88)
[LOG] SoundI::release                          :     ready c-voz (00000296682EA5A8)
[LOG] Thread::callback                         : FMOD Studio update thread finished.
[LOG] Thread::callback                         : FMOD Studio bank load thread finished.
[LOG] Profile::disconnectAll                   : Profiler disconnecting all clients
[LOG] Thread::callback                         : FMOD Studio sample load thread finished.
[LOG] LiveUpdate::release                      : 
[LOG] LiveUpdate::reset                        : Reset connection (reason Disconnected)
[LOG] Thread::callback                         : FMOD stream thread finished.
[LOG] Thread::callback                         : FMOD mixer thread finished.
[LOG] Profile::disconnectAll                   : Profiler disconnecting all clients
[LOG] SystemI::close                           : Closed.
[LOG] Manager::readBank                        : fileversion = 121, compatVersion = 119 (oldest = 44, newest = 121)
[LOG] Manager::readBank                        : fileversion = 121, compatVersion = 119 (oldest = 44, newest = 121)
[LOG] Manager::readBank                        : fileversion = 121, compatVersion = 119 (oldest = 44, newest = 121)
[LOG] Manager::readBank                        : fileversion = 121, compatVersion = 119 (oldest = 44, newest = 121)
[LOG] Manager::readBank                        : fileversion = 121, compatVersion = 119 (oldest = 44, newest = 121)
[LOG] Manager::readBank                        : fileversion = 121, compatVersion = 119 (oldest = 44, newest = 121)
[LOG] PlaybackSystem::acquireMasterBus         : Setting master channel group format to 6
[LOG] Manager::readBank                        : fileversion = 121, compatVersion = 119 (oldest = 44, newest = 121)
[LOG] Manager::readBank                        : fileversion = 121, compatVersion = 119 (oldest = 44, newest = 121)
[LOG] Manager::readBank                        : fileversion = 121, compatVersion = 119 (oldest = 44, newest = 121)
[LOG] Manager::readBank                        : fileversion = 121, compatVersion = 119 (oldest = 44, newest = 121)
[LOG] Manager::readBank                        : fileversion = 121, compatVersion = 119 (oldest = 44, newest = 121)
[LOG] PlaybackSystem::acquireMasterBus         : Setting master channel group format to 6
[LOG] Manager::readBank                        : fileversion = 121, compatVersion = 119 (oldest = 44, newest = 121)
[LOG] Manager::readBank                        : fileversion = 121, compatVersion = 119 (oldest = 44, newest = 121)
[LOG] Thread::callback                         : FMOD Studio bank load thread finished.
[LOG] Thread::callback                         : FMOD Studio sample load thread finished.
[LOG] LiveUpdate::release                      : 
[LOG] LiveUpdate::reset                        : Reset connection (reason Disconnected)
[LOG] Thread::callback                         : FMOD stream thread finished.
[LOG] Thread::callback                         : FMOD mixer thread finished.
[LOG] Thread::callback                         : FMOD nonblocking thread (0) finished.
[LOG] Thread::callback                         : FMOD file thread finished.
[LOG] SystemI::close                           : Closed.
